c:\users\user\desktop\אלעד\לימודים\שנה ב\תכנות מתקדם בשפת c++\פרוייקט\חלק ג\19.01.2017\snakeproject\debug\vc140.pdb
c:\users\user\desktop\אלעד\לימודים\שנה ב\תכנות מתקדם בשפת c++\פרוייקט\חלק ג\19.01.2017\snakeproject\debug\vc140.idb
c:\users\user\desktop\אלעד\לימודים\שנה ב\תכנות מתקדם בשפת c++\פרוייקט\חלק ג\19.01.2017\snakeproject\debug\board.obj
c:\users\user\desktop\אלעד\לימודים\שנה ב\תכנות מתקדם בשפת c++\פרוייקט\חלק ג\19.01.2017\snakeproject\debug\colmonster.obj
c:\users\user\desktop\אלעד\לימודים\שנה ב\תכנות מתקדם בשפת c++\פרוייקט\חלק ג\19.01.2017\snakeproject\debug\game.obj
c:\users\user\desktop\אלעד\לימודים\שנה ב\תכנות מתקדם בשפת c++\פרוייקט\חלק ג\19.01.2017\snakeproject\debug\gotoxy.obj
c:\users\user\desktop\אלעד\לימודים\שנה ב\תכנות מתקדם בשפת c++\פרוייקט\חלק ג\19.01.2017\snakeproject\debug\main.obj
c:\users\user\desktop\אלעד\לימודים\שנה ב\תכנות מתקדם בשפת c++\פרוייקט\חלק ג\19.01.2017\snakeproject\debug\mission.obj
c:\users\user\desktop\אלעד\לימודים\שנה ב\תכנות מתקדם בשפת c++\פרוייקט\חלק ג\19.01.2017\snakeproject\debug\monster.obj
c:\users\user\desktop\אלעד\לימודים\שנה ב\תכנות מתקדם בשפת c++\פרוייקט\חלק ג\19.01.2017\snakeproject\debug\numeater.obj
c:\users\user\desktop\אלעד\לימודים\שנה ב\תכנות מתקדם בשפת c++\פרוייקט\חלק ג\19.01.2017\snakeproject\debug\point.obj
c:\users\user\desktop\אלעד\לימודים\שנה ב\תכנות מתקדם בשפת c++\פרוייקט\חלק ג\19.01.2017\snakeproject\debug\replaypoint.obj
c:\users\user\desktop\אלעד\לימודים\שנה ב\תכנות מתקדם בשפת c++\פרוייקט\חלק ג\19.01.2017\snakeproject\debug\rowmonster.obj
c:\users\user\desktop\אלעד\לימודים\שנה ב\תכנות מתקדם בשפת c++\פרוייקט\חלק ג\19.01.2017\snakeproject\debug\shot.obj
c:\users\user\desktop\אלעד\לימודים\שנה ב\תכנות מתקדם בשפת c++\פרוייקט\חלק ג\19.01.2017\snakeproject\debug\snake.obj
c:\users\user\desktop\אלעד\לימודים\שנה ב\תכנות מתקדם בשפת c++\פרוייקט\חלק ג\19.01.2017\snakeproject\debug\thesnakesgame.obj
c:\users\user\desktop\אלעד\לימודים\שנה ב\תכנות מתקדם בשפת c++\פרוייקט\חלק ג\19.01.2017\snakeproject\debug\utilities.obj
c:\users\user\desktop\אלעד\לימודים\שנה ב\תכנות מתקדם בשפת c++\פרוייקט\חלק ג\19.01.2017\snakeproject\debug\game.obj.enc
c:\users\user\desktop\אלעד\לימודים\שנה ב\תכנות מתקדם בשפת c++\פרוייקט\חלק ג\19.01.2017\debug\snakeproject.pdb
c:\users\user\desktop\אלעד\לימודים\שנה ב\תכנות מתקדם בשפת c++\פרוייקט\חלק ג\19.01.2017\debug\snakeproject.exe
c:\users\user\desktop\אלעד\לימודים\שנה ב\תכנות מתקדם בשפת c++\פרוייקט\חלק ג\19.01.2017\debug\snakeproject.ilk
c:\users\user\desktop\אלעד\לימודים\שנה ב\תכנות מתקדם בשפת c++\פרוייקט\חלק ג\19.01.2017\snakeproject\debug\snakeproject.tlog\cl.command.1.tlog
c:\users\user\desktop\אלעד\לימודים\שנה ב\תכנות מתקדם בשפת c++\פרוייקט\חלק ג\19.01.2017\snakeproject\debug\snakeproject.tlog\cl.read.1.tlog
c:\users\user\desktop\אלעד\לימודים\שנה ב\תכנות מתקדם בשפת c++\פרוייקט\חלק ג\19.01.2017\snakeproject\debug\snakeproject.tlog\cl.write.1.tlog
c:\users\user\desktop\אלעד\לימודים\שנה ב\תכנות מתקדם בשפת c++\פרוייקט\חלק ג\19.01.2017\snakeproject\debug\snakeproject.tlog\link.command.1.tlog
c:\users\user\desktop\אלעד\לימודים\שנה ב\תכנות מתקדם בשפת c++\פרוייקט\חלק ג\19.01.2017\snakeproject\debug\snakeproject.tlog\link.read.1.tlog
c:\users\user\desktop\אלעד\לימודים\שנה ב\תכנות מתקדם בשפת c++\פרוייקט\חלק ג\19.01.2017\snakeproject\debug\snakeproject.tlog\link.write.1.tlog
