c:\users\yonat\desktop\final- part 2\05.1.2017\snakeproject\snakeproject\x64\debug\vc140.pdb
c:\users\yonat\desktop\final- part 2\05.1.2017\snakeproject\snakeproject\x64\debug\vc140.idb
c:\users\yonat\desktop\final- part 2\05.1.2017\snakeproject\snakeproject\x64\debug\board.obj
c:\users\yonat\desktop\final- part 2\05.1.2017\snakeproject\snakeproject\x64\debug\game.obj
c:\users\yonat\desktop\final- part 2\05.1.2017\snakeproject\snakeproject\x64\debug\gotoxy.obj
c:\users\yonat\desktop\final- part 2\05.1.2017\snakeproject\snakeproject\x64\debug\main.obj
c:\users\yonat\desktop\final- part 2\05.1.2017\snakeproject\snakeproject\x64\debug\mission.obj
c:\users\yonat\desktop\final- part 2\05.1.2017\snakeproject\snakeproject\x64\debug\point.obj
c:\users\yonat\desktop\final- part 2\05.1.2017\snakeproject\snakeproject\x64\debug\shot.obj
c:\users\yonat\desktop\final- part 2\05.1.2017\snakeproject\snakeproject\x64\debug\snake.obj
c:\users\yonat\desktop\final- part 2\05.1.2017\snakeproject\snakeproject\x64\debug\thesnakesgame.obj
c:\users\yonat\desktop\final- part 2\05.1.2017\snakeproject\snakeproject\x64\debug\utilities.obj
c:\users\yonat\desktop\final- part 2\05.1.2017\snakeproject\x64\debug\snakeproject.ilk
c:\users\yonat\desktop\final- part 2\05.1.2017\snakeproject\x64\debug\snakeproject.exe
c:\users\yonat\desktop\final- part 2\05.1.2017\snakeproject\x64\debug\snakeproject.pdb
c:\users\yonat\desktop\final- part 2\05.1.2017\snakeproject\snakeproject\x64\debug\snakeproject.tlog\cl.command.1.tlog
c:\users\yonat\desktop\final- part 2\05.1.2017\snakeproject\snakeproject\x64\debug\snakeproject.tlog\cl.read.1.tlog
c:\users\yonat\desktop\final- part 2\05.1.2017\snakeproject\snakeproject\x64\debug\snakeproject.tlog\cl.write.1.tlog
c:\users\yonat\desktop\final- part 2\05.1.2017\snakeproject\snakeproject\x64\debug\snakeproject.tlog\link.command.1.tlog
c:\users\yonat\desktop\final- part 2\05.1.2017\snakeproject\snakeproject\x64\debug\snakeproject.tlog\link.read.1.tlog
c:\users\yonat\desktop\final- part 2\05.1.2017\snakeproject\snakeproject\x64\debug\snakeproject.tlog\link.write.1.tlog
